Arguments: 
  /usr/local/bin/node /Users/michaelbeutler/.yarn/bin/yarn.js publish

PATH: 
  /Users/michaelbeutler/.yarn/bin:/Users/michaelbeutler/.config/yarn/global/node_modules/.bin:/usr/local/bin:/usr/bin:/bin:/usr/sbin:/sbin:/Applications/VMware Fusion.app/Contents/Public:/Library/Apple/usr/bin:/Users/michaelbeutler/.yarn/bin:/Users/michaelbeutler/.config/yarn/global/node_modules/.bin:/opt/apache-maven/bin:/opt/apache-maven/bin

Yarn version: 
  1.22.4

Node version: 
  14.17.5

Platform: 
  darwin x64

Trace: 
  Error: canceled
      at Interface.<anonymous> (/Users/michaelbeutler/.yarn/lib/cli.js:137008:13)
      at Interface.emit (events.js:400:28)
      at Interface._ttyWrite (readline.js:910:16)
      at ReadStream.onkeypress (readline.js:235:10)
      at ReadStream.emit (events.js:400:28)
      at emitKeys (internal/readline/utils.js:358:14)
      at emitKeys.next (<anonymous>)
      at ReadStream.onData (readline.js:1179:36)
      at ReadStream.emit (events.js:400:28)
      at addChunk (internal/streams/readable.js:290:12)

npm manifest: 
  {
      "name": "@baselhack2021/interfaces",
      "version": "1.0.7",
      "main": "index.js",
      "license": "MIT",
      "types": "./index.d.ts",
      "private": false,
      "publishConfig": {
          "registry": "https://registry.npmjs.org"
      },
      "typings": "index.d.ts"
  }

yarn manifest: 
  No manifest

Lockfile: 
  # THIS IS AN AUTOGENERATED FILE. DO NOT EDIT THIS FILE DIRECTLY.
  # yarn lockfile v1
